<?xml version="1.0" encoding="utf-8"?><testsuites name="pytest tests"><testsuite name="pytest" errors="0" failures="0" skipped="0" tests="10" time="11.634" timestamp="2026-04-10T01:57:11.607785+00:00" hostname="agent-env-ba0cb812-ab2b-4eeb-9ecf-ad6aeb70881e"><testcase classname="backend.tests.test_patient_approval.TestPatientApprovalSystem" name="test_01_api_health" time="0.232" /><testcase classname="backend.tests.test_patient_approval.TestPatientApprovalSystem" name="test_02_organizer_login" time="0.386" /><testcase classname="backend.tests.test_patient_approval.TestPatientApprovalSystem" name="test_03_organizer_adds_patient_auto_approved" time="0.605" /><testcase classname="backend.tests.test_patient_approval.TestPatientApprovalSystem" name="test_04_participant_adds_patient_pending_status" time="3.054" /><testcase classname="backend.tests.test_patient_approval.TestPatientApprovalSystem" name="test_05_organizer_approves_pending_patient" time="2.529" /><testcase classname="backend.tests.test_patient_approval.TestPatientApprovalSystem" name="test_06_non_organizer_cannot_approve" time="2.579" /><testcase classname="backend.tests.test_patient_approval.TestPatientApprovalSystem" name="test_07_approve_already_approved_patient" time="0.517" /><testcase classname="backend.tests.test_patient_approval.TestPatientApprovalSystem" name="test_08_approve_nonexistent_patient" time="0.453" /><testcase classname="backend.tests.test_patient_approval.TestPatientApprovalSystem" name="test_09_meeting_detail_includes_approval_info" time="0.618" /><testcase classname="backend.tests.test_patient_approval.TestPatientApprovalSystem" name="test_10_add_patient_endpoint_returns_approval_status" time="0.501" /></testsuite></testsuites>