<?xml version="1.0" encoding="utf-8"?><testsuites name="pytest tests"><testsuite name="pytest" errors="0" failures="0" skipped="0" tests="13" time="6.784" timestamp="2026-02-23T01:10:31.372922+00:00" hostname="agent-env-ba0cb812-ab2b-4eeb-9ecf-ad6aeb70881e"><testcase classname="backend.tests.test_meetings_recurrence.TestHealthCheck" name="test_api_health" time="0.240" /><testcase classname="backend.tests.test_meetings_recurrence.TestAuthentication" name="test_login_success" time="0.375" /><testcase classname="backend.tests.test_meetings_recurrence.TestAuthentication" name="test_login_invalid_credentials" time="0.125" /><testcase classname="backend.tests.test_meetings_recurrence.TestAuthentication" name="test_auth_me" time="0.475" /><testcase classname="backend.tests.test_meetings_recurrence.TestMeetingsWithRecurrence" name="test_create_meeting_one_time" time="0.130" /><testcase classname="backend.tests.test_meetings_recurrence.TestMeetingsWithRecurrence" name="test_create_meeting_monthly_on_first_monday" time="0.199" /><testcase classname="backend.tests.test_meetings_recurrence.TestMeetingsWithRecurrence" name="test_create_meeting_monthly_on_last_friday" time="0.192" /><testcase classname="backend.tests.test_meetings_recurrence.TestMeetingsWithRecurrence" name="test_create_meeting_monthly_on_second_tuesday" time="0.118" /><testcase classname="backend.tests.test_meetings_recurrence.TestMeetingsWithRecurrence" name="test_create_meeting_with_all_week_options" time="0.709" /><testcase classname="backend.tests.test_meetings_recurrence.TestMeetingsWithRecurrence" name="test_create_meeting_with_all_day_options" time="1.047" /><testcase classname="backend.tests.test_meetings_recurrence.TestMeetingsWithRecurrence" name="test_get_meeting_verify_recurrence_fields" time="0.234" /><testcase classname="backend.tests.test_meetings_recurrence.TestMeetingsWithRecurrence" name="test_meetings_list_returns_all_types" time="0.201" /><testcase classname="backend.tests.test_meetings_recurrence.TestCleanup" name="test_cleanup_test_meetings" time="2.561" /></testsuite></testsuites>