<?xml version="1.0" encoding="utf-8"?><testsuites name="pytest tests"><testsuite name="pytest" errors="0" failures="0" skipped="0" tests="18" time="16.112" timestamp="2026-03-03T22:57:28.607092+00:00" hostname="agent-env-ba0cb812-ab2b-4eeb-9ecf-ad6aeb70881e"><testcase classname="backend.tests.test_account_setup_password_reset.TestHealthAndAuth" name="test_api_health" time="0.175" /><testcase classname="backend.tests.test_account_setup_password_reset.TestHealthAndAuth" name="test_organizer_login" time="0.333" /><testcase classname="backend.tests.test_account_setup_password_reset.TestAccountSetupEmail" name="test_register_with_meeting_id_creates_user" time="1.680" /><testcase classname="backend.tests.test_account_setup_password_reset.TestAccountSetupEmail" name="test_register_with_doctor_role" time="1.167" /><testcase classname="backend.tests.test_account_setup_password_reset.TestAccountSetupEmail" name="test_register_with_nurse_role" time="1.262" /><testcase classname="backend.tests.test_account_setup_password_reset.TestAccountSetupEmail" name="test_register_with_organizer_role" time="1.244" /><testcase classname="backend.tests.test_account_setup_password_reset.TestAccountSetupEmail" name="test_register_with_guest_role" time="1.240" /><testcase classname="backend.tests.test_account_setup_password_reset.TestAccountSetupEmail" name="test_register_without_password_autogenerates" time="1.217" /><testcase classname="backend.tests.test_account_setup_password_reset.TestAccountSetupEmail" name="test_duplicate_email_rejected" time="0.734" /><testcase classname="backend.tests.test_account_setup_password_reset.TestPasswordReset" name="test_password_reset_endpoint_exists" time="0.102" /><testcase classname="backend.tests.test_account_setup_password_reset.TestPasswordReset" name="test_password_reset_with_valid_email" time="1.658" /><testcase classname="backend.tests.test_account_setup_password_reset.TestPasswordReset" name="test_password_reset_nonexistent_email_no_error" time="0.157" /><testcase classname="backend.tests.test_account_setup_password_reset.TestPasswordReset" name="test_password_reset_requires_email" time="0.106" /><testcase classname="backend.tests.test_account_setup_password_reset.TestPasswordReset" name="test_password_reset_invalid_email_format" time="0.107" /><testcase classname="backend.tests.test_account_setup_password_reset.TestE2EAccountSetupFlow" name="test_full_invite_flow_with_account_setup" time="2.026" /><testcase classname="backend.tests.test_account_setup_password_reset.TestE2EPasswordResetFlow" name="test_full_password_reset_flow" time="2.107" /><testcase classname="backend.tests.test_account_setup_password_reset.TestSecurePasswordGeneration" name="test_user_with_autogenerated_password_can_be_created" time="0.339" /><testcase classname="backend.tests.test_account_setup_password_reset.TestEmailTemplateFields" name="test_meeting_has_account_setup_email_fields" time="0.376" /></testsuite></testsuites>