<?xml version="1.0" encoding="utf-8"?><testsuites name="pytest tests"><testsuite name="pytest" errors="0" failures="0" skipped="0" tests="9" time="2.193" timestamp="2026-04-26T14:00:52.044008+00:00" hostname="agent-env-ba0cb812-ab2b-4eeb-9ecf-ad6aeb70881e"><testcase classname="tests.test_profile_regional_settings" name="test_auth_me_returns_new_fields" time="0.501" /><testcase classname="tests.test_profile_regional_settings" name="test_update_first_last_syncs_name" time="0.103" /><testcase classname="tests.test_profile_regional_settings" name="test_update_regional_fields" time="0.151" /><testcase classname="tests.test_profile_regional_settings" name="test_self_update_email_accepted" time="0.048" /><testcase classname="tests.test_profile_regional_settings" name="test_change_password_wrong_current_returns_401" time="0.277" /><testcase classname="tests.test_profile_regional_settings" name="test_change_password_short_new_returns_400" time="0.047" /><testcase classname="tests.test_profile_regional_settings" name="test_change_password_missing_fields_returns_400" time="0.051" /><testcase classname="tests.test_profile_regional_settings" name="test_create_meeting_stores_organizer_timezone" time="0.949" /><testcase classname="tests.test_profile_regional_settings" name="test_format_meeting_time_for_user_utility" time="0.006" /></testsuite></testsuites>