<?xml version="1.0" encoding="utf-8"?><testsuites name="pytest tests"><testsuite name="pytest" errors="0" failures="0" skipped="0" tests="3" time="1.135" timestamp="2026-04-25T14:10:37.916619+00:00" hostname="agent-env-ba0cb812-ab2b-4eeb-9ecf-ad6aeb70881e"><testcase classname="backend.tests.test_scheduler_health" name="test_api_root_reachable" time="0.161" /><testcase classname="backend.tests.test_scheduler_health" name="test_login_refactor_user" time="0.402" /><testcase classname="backend.tests.test_scheduler_health" name="test_authenticated_meetings_list" time="0.515" /></testsuite></testsuites>