<?xml version="1.0" encoding="utf-8"?><testsuites name="pytest tests"><testsuite name="pytest" errors="0" failures="0" skipped="0" tests="11" time="12.864" timestamp="2026-03-03T22:13:10.923203+00:00" hostname="agent-env-ba0cb812-ab2b-4eeb-9ecf-ad6aeb70881e"><testcase classname="backend.tests.test_participant_email_invite.TestHealthAndAuth" name="test_api_health" time="0.214" /><testcase classname="backend.tests.test_participant_email_invite.TestHealthAndAuth" name="test_organizer_login" time="0.359" /><testcase classname="backend.tests.test_participant_email_invite.TestAddParticipantEmailInvite" name="test_add_participant_to_existing_meeting_sends_email" time="1.785" /><testcase classname="backend.tests.test_participant_email_invite.TestAddParticipantEmailInvite" name="test_participant_added_with_correct_response_status" time="1.493" /><testcase classname="backend.tests.test_participant_email_invite.TestAddParticipantEmailInvite" name="test_cannot_add_duplicate_participant" time="1.455" /><testcase classname="backend.tests.test_participant_email_invite.TestEmailContents" name="test_meeting_has_required_fields_for_email" time="0.349" /><testcase classname="backend.tests.test_participant_email_invite.TestDifferentRoles" name="test_add_doctor_participant" time="1.358" /><testcase classname="backend.tests.test_participant_email_invite.TestDifferentRoles" name="test_add_nurse_participant" time="1.360" /><testcase classname="backend.tests.test_participant_email_invite.TestE2EFlow" name="test_full_flow_create_meeting_add_participant" time="1.605" /><testcase classname="backend.tests.test_participant_email_invite.TestMeetingNotFoundCases" name="test_add_participant_to_nonexistent_meeting" time="0.476" /><testcase classname="backend.tests.test_participant_email_invite.TestParticipantCanAddParticipant" name="test_participant_can_add_other_participant" time="2.346" /></testsuite></testsuites>