<?xml version="1.0" encoding="utf-8"?><testsuites name="pytest tests"><testsuite name="pytest" errors="0" failures="0" skipped="0" tests="4" time="2.488" timestamp="2026-04-25T14:33:36.119849+00:00" hostname="agent-env-ba0cb812-ab2b-4eeb-9ecf-ad6aeb70881e"><testcase classname="backend.tests.test_meeting_summary_pdf" name="test_summary_pdf_owner_returns_valid_pdf" time="0.534" /><testcase classname="backend.tests.test_meeting_summary_pdf" name="test_summary_pdf_non_existent_returns_404" time="0.107" /><testcase classname="backend.tests.test_meeting_summary_pdf" name="test_summary_pdf_forbidden_for_non_participant" time="1.649" /><testcase classname="backend.tests.test_meeting_summary_pdf" name="test_summary_pdf_unauthenticated_returns_401_or_403" time="0.143" /></testsuite></testsuites>