<?xml version="1.0" encoding="utf-8"?><testsuites name="pytest tests"><testsuite name="pytest" errors="0" failures="0" skipped="0" tests="17" time="11.226" timestamp="2026-02-23T01:43:22.784483+00:00" hostname="agent-env-ba0cb812-ab2b-4eeb-9ecf-ad6aeb70881e"><testcase classname="backend.tests.test_meetings_recurrence.TestHealthCheck" name="test_api_health" time="0.212" /><testcase classname="backend.tests.test_meetings_recurrence.TestAuthentication" name="test_login_success" time="0.384" /><testcase classname="backend.tests.test_meetings_recurrence.TestAuthentication" name="test_auth_me" time="0.610" /><testcase classname="backend.tests.test_meetings_recurrence.TestMeetingsOneTime" name="test_create_one_time_meeting" time="0.184" /><testcase classname="backend.tests.test_meetings_recurrence.TestDailyRecurrence" name="test_create_daily_recurring_meeting_with_end_date" time="0.141" /><testcase classname="backend.tests.test_meetings_recurrence.TestWeeklyRecurrence" name="test_create_weekly_meeting_monday" time="0.154" /><testcase classname="backend.tests.test_meetings_recurrence.TestWeeklyRecurrence" name="test_create_weekly_meeting_friday" time="0.121" /><testcase classname="backend.tests.test_meetings_recurrence.TestWeeklyRecurrence" name="test_weekly_all_days_of_week" time="0.987" /><testcase classname="backend.tests.test_meetings_recurrence.TestMonthlyDayOfMonth" name="test_create_monthly_meeting_15th" time="0.119" /><testcase classname="backend.tests.test_meetings_recurrence.TestMonthlyDayOfMonth" name="test_create_monthly_meeting_1st" time="0.133" /><testcase classname="backend.tests.test_meetings_recurrence.TestMonthlyDayOfMonth" name="test_create_monthly_meeting_31st" time="0.151" /><testcase classname="backend.tests.test_meetings_recurrence.TestMonthlyDayOfMonth" name="test_monthly_various_days" time="0.687" /><testcase classname="backend.tests.test_meetings_recurrence.TestMonthlyOnPattern" name="test_create_monthly_on_first_monday" time="0.163" /><testcase classname="backend.tests.test_meetings_recurrence.TestMonthlyOnPattern" name="test_create_monthly_on_last_friday" time="0.136" /><testcase classname="backend.tests.test_meetings_recurrence.TestMonthlyOnPattern" name="test_all_week_options" time="0.790" /><testcase classname="backend.tests.test_meetings_recurrence.TestRecurrenceEndDatePersistence" name="test_get_meeting_verify_end_date_persists" time="0.294" /><testcase classname="backend.tests.test_meetings_recurrence.TestCleanup" name="test_cleanup_test_meetings" time="5.875" /></testsuite></testsuites>